<?xml version="1.0" encoding="UTF-8"?>
<!-- Generated by org.testng.reporters.JUnitReportReporter -->
<testsuite hostname="DESKTOP-8Q5BL0R" failures="0" tests="1" name="com.Vtiger.Organisation.CreateContactTest" time="39.947" errors="0" timestamp="2023-11-18T03:29:56 IST" skipped="0">
  <testcase classname="com.Vtiger.Organisation.CreateContactTest" name="verifyContactOrganisation" time="39.947"/>
</testsuite> <!-- com.Vtiger.Organisation.CreateContactTest -->
