<?xml version="1.0" encoding="UTF-8"?>
<!-- Generated by org.testng.reporters.JUnitReportReporter -->
<testsuite hostname="DESKTOP-8Q5BL0R" failures="0" tests="2" name="com.Vtiger.Organisation.CreateOrganisationTest" time="57.198" errors="0" timestamp="2023-11-18T03:17:03 IST" skipped="0">
  <testcase classname="com.Vtiger.Organisation.CreateOrganisationTest" name="verifyUserOrganisation" time="46.104">
    <system-out>
      <![CDATA[organisation link clicked
Lookup linked  clicked]]>
    </system-out>
  </testcase> <!-- verifyUserOrganisation -->
  <testcase classname="com.Vtiger.Organisation.CreateOrganisationTest" name="Regional" time="11.094"/>
  <system-out>
    <![CDATA[organisation link clicked
Lookup linked  clicked]]>
  </system-out>
</testsuite> <!-- com.Vtiger.Organisation.CreateOrganisationTest -->
