<?xml version="1.0" encoding="UTF-8"?>
<!-- Generated by org.testng.reporters.JUnitReportReporter -->
<testsuite hostname="DESKTOP-8Q5BL0R" failures="0" tests="3" name="Practice.dataproviderOutside" time="0.035" errors="0" timestamp="2023-11-11T09:47:40 IST" skipped="0">
  <testcase classname="Practice.dataproviderOutside" name="data" time="0.028"/>
  <testcase classname="Practice.dataproviderOutside" name="data" time="0.004"/>
  <testcase classname="Practice.dataproviderOutside" name="data" time="0.003"/>
</testsuite> <!-- Practice.dataproviderOutside -->
