<?xml version="1.0" encoding="UTF-8"?>
<!-- Generated by org.testng.reporters.JUnitReportReporter -->
<testsuite hostname="DESKTOP-8Q5BL0R" failures="0" tests="3" name="Practice.DataProvider" time="0.033" errors="0" timestamp="2023-11-11T09:37:02 IST" skipped="0">
  <testcase classname="Practice.DataProvider" name="data" time="0.027"/>
  <testcase classname="Practice.DataProvider" name="data" time="0.003"/>
  <testcase classname="Practice.DataProvider" name="data" time="0.003"/>
</testsuite> <!-- Practice.DataProvider -->
